
> brightpath@0.0.1 server
> node server/index.js

[dotenv@17.2.3] injecting env (8) from .env -- tip: ✅ audit secrets and track compliance: https://dotenvx.com/ops
[Email] ⚠️⚠️⚠️ WARNING: Email transporter NOT configured!
[Email] Current values:
[Email]   EMAIL_HOST: NOT SET
[Email]   EMAIL_PORT: NOT SET
[Email]   EMAIL_USER: NOT SET
[Email]   EMAIL_PASS: NOT SET
[Email] 📝 Update server/.env file with your actual Gmail credentials to enable email notifications.
[dotenv@17.2.3] injecting env (0) from .env -- tip: ⚙️  load multiple .env files with { path: ['.env.local', '.env'] }
[dotenv@17.2.3] injecting env (0) from .env -- tip: 🛠️  run anywhere with `dotenvx run -- yourcommand`
[dotenv@17.2.3] injecting env (8) from server/.env -- tip: ⚙️  load multiple .env files with { path: ['.env.local', '.env'] }
(node:24314) [MONGOOSE] Warning: Duplicate schema index on {"email":1} found. This is often due to declaring an index using both "index: true" and "schema.index()". Please remove the duplicate index definition.
(Use `node --trace-warnings ...` to show where the warning was created)
(node:24314) [MONGOOSE] Warning: Duplicate schema index on {"id":1} found. This is often due to declaring an index using both "index: true" and "schema.index()". Please remove the duplicate index definition.
(node:24314) [MONGOOSE] Warning: Duplicate schema index on {"id":1} found. This is often due to declaring an index using both "index: true" and "schema.index()". Please remove the duplicate index definition.
(node:24314) [MONGOOSE] Warning: Duplicate schema index on {"orderNumber":1} found. This is often due to declaring an index using both "index: true" and "schema.index()". Please remove the duplicate index definition.
(node:24314) [MONGOOSE] Warning: Duplicate schema index on {"id":1} found. This is often due to declaring an index using both "index: true" and "schema.index()". Please remove the duplicate index definition.
(node:24314) [MONGOOSE] Warning: Duplicate schema index on {"slug":1} found. This is often due to declaring an index using both "index: true" and "schema.index()". Please remove the duplicate index definition.
(node:24314) [MONGOOSE] Warning: Duplicate schema index on {"userId":1} found. This is often due to declaring an index using both "index: true" and "schema.index()". Please remove the duplicate index definition.
(node:24314) [MONGOOSE] Warning: Duplicate schema index on {"storefrontId":1} found. This is often due to declaring an index using both "index: true" and "schema.index()". Please remove the duplicate index definition.
(node:24314) [MONGOOSE] Warning: Duplicate schema index on {"id":1} found. This is often due to declaring an index using both "index: true" and "schema.index()". Please remove the duplicate index definition.
(node:24314) [MONGOOSE] Warning: Duplicate schema index on {"userId":1} found. This is often due to declaring an index using both "index: true" and "schema.index()". Please remove the duplicate index definition.
(node:24314) [MONGOOSE] Warning: Duplicate schema index on {"storefrontId":1} found. This is often due to declaring an index using both "index: true" and "schema.index()". Please remove the duplicate index definition.
(node:24314) [MONGOOSE] Warning: Duplicate schema index on {"id":1} found. This is often due to declaring an index using both "index: true" and "schema.index()". Please remove the duplicate index definition.
(node:24314) [MONGOOSE] Warning: Duplicate schema index on {"id":1} found. This is often due to declaring an index using both "index: true" and "schema.index()". Please remove the duplicate index definition.
(node:24314) [MONGOOSE] Warning: Duplicate schema index on {"slug":1} found. This is often due to declaring an index using both "index: true" and "schema.index()". Please remove the duplicate index definition.
(node:24314) [MONGOOSE] Warning: Duplicate schema index on {"id":1} found. This is often due to declaring an index using both "index: true" and "schema.index()". Please remove the duplicate index definition.
✅ MongoDB Connected: mongodb://localhost:27017/blueocean
🚀 BrightPath API server running on http://localhost:3001
📡 Frontend URL: http://localhost:5173
🌍 Environment: development
💾 Database: MongoDB Connected

✅ Server ready! CORS configured for: http://localhost:5173
2025-11-22T17:02:29.541Z - POST /api/elevenlabs/conversation
ElevenLabs API key not configured
2025-11-22T17:02:31.258Z - POST /api/auth/signin
